admin at Fri Apr 07 14:44:24 2017 login sucess!
admin at Fri Apr 07 14:46:01 2017 login failed!
admin at Fri Apr 07 14:46:10 2017 login failed!
admin at Fri Apr 07 14:47:21 2017 login sucess!
admin at Fri Apr 07 14:47:34 2017 login sucess!
admin at Fri Apr 07 14:47:45 2017 login failed!
admin at Fri Apr 07 14:47:56 2017 login failed!
admin at Fri Apr 07 14:49:12 2017 login failed!
admin at Fri Apr 07 14:49:32 2017 login failed!
admin at Fri Apr 07 14:50:05 2017 login failed!
admin at Fri Apr 07 14:50:31 2017 login failed!
admin at Fri Apr 07 14:51:51 2017 login failed!
admin at Fri Apr 07 14:52:11 2017 login failed!
admin at Fri Apr 07 14:52:32 2017 login failed!
admin at Fri Apr 07 14:54:07 2017 login failed!
admin at Fri Apr 07 14:54:13 2017 login failed!
sdfgj at Fri Apr 07 14:54:34 2017 login failed!
admin at Fri Apr 07 14:58:34 2017 login failed!
admin at Fri Apr 07 14:58:39 2017 login failed!
alkj at Fri Apr 07 14:59:00 2017 login failed!
admin at Fri Apr 07 15:00:35 2017 login failed!
admin at Fri Apr 07 15:01:21 2017 login failed!
admin at Fri Apr 07 15:01:28 2017 login sucess!
admin at Fri Apr 07 16:21:50 2017 login failed!
admin at Fri Apr 07 16:21:56 2017 login sucess!
admin at Fri Apr 07 16:22:25 2017 login sucess!
admin at Fri Apr 07 16:23:09 2017 login sucess!
admin at Fri Apr 07 16:24:00 2017 login sucess!
admin at Fri Apr 07 16:25:15 2017 login sucess!
admin at Fri Apr 07 16:26:18 2017 login sucess!
admin at Fri Apr 07 16:26:47 2017 login sucess!
admin at Fri Apr 07 16:27:27 2017 login sucess!
admin at Fri Apr 07 16:28:31 2017 login sucess!
admin at Fri Apr 07 16:31:41 2017 login sucess!
admin at Fri Apr 07 16:32:15 2017 login sucess!
admin at Fri Apr 07 16:34:08 2017 login sucess!
admin at Fri Apr 07 16:37:26 2017 login sucess!
kjag at Fri Apr 07 16:39:28 2017 login failed!
admin at Fri Apr 07 16:39:36 2017 login sucess!
admin at Fri Apr 07 16:42:02 2017 login sucess!
admin at Fri Apr 07 16:42:34 2017 login sucess!
admin at Fri Apr 07 16:45:52 2017 login sucess!
admin at Fri Apr 07 16:46:21 2017 login sucess!
admin at Fri Apr 07 16:48:19 2017 login sucess!
admin at Fri Apr 07 16:48:33 2017 login sucess!
admin at Fri Apr 07 16:49:21 2017 login sucess!
admin at Fri Apr 07 16:49:49 2017 login sucess!
admin at Fri Apr 07 16:50:31 2017 login sucess!
admin at Fri Apr 07 17:00:15 2017 login sucess!
admin at Fri Apr 07 17:02:22 2017 login sucess!
admin at Fri Apr 07 17:03:07 2017 login sucess!
admin at Fri Apr 07 17:09:18 2017 login sucess!
admin at Fri Apr 07 20:20:43 2017 login sucess!
admin at Fri Apr 07 20:22:13 2017 login sucess!
admin at Fri Apr 07 20:23:35 2017 login sucess!
admin at Fri Apr 07 20:24:50 2017 login sucess!
admin at Fri Apr 07 20:28:10 2017 login sucess!
admin at Fri Apr 07 20:31:55 2017 login sucess!
admin at Fri Apr 07 20:35:36 2017 login sucess!
admin at Fri Apr 07 21:38:16 2017 login sucess!
admin at Fri Apr 07 21:40:11 2017 exit!
admin at Fri Apr 07 21:42:17 2017 login sucess!
admin at Fri Apr 07 21:42:42 2017 login sucess!
admin at Fri Apr 07 21:44:26 2017 login sucess!
admin at Fri Apr 07 21:45:23 2017 login sucess!
admin at Fri Apr 07 21:46:59 2017 login sucess!
admin at Fri Apr 07 21:49:52 2017 login sucess!
admin at Fri Apr 07 21:50:07 2017 exit!
admin at Fri Apr 07 21:51:29 2017 login sucess!
admin at Fri Apr 07 21:51:59 2017 exit!
admin at Fri Apr 07 21:53:09 2017 login sucess!
admin at Fri Apr 07 21:53:29 2017 exit!
admin at Fri Apr 07 21:57:14 2017 login sucess!
admin at Fri Apr 07 21:57:36 2017 exit!
admin at Fri Apr 07 22:01:10 2017 login sucess!
admin at Fri Apr 07 22:02:27 2017 exit!
admin at Fri Apr 07 22:06:12 2017 login sucess!
admin at Fri Apr 07 22:06:18 2017 exit!
admin at Fri Apr 07 22:07:35 2017 login sucess!
admin at Fri Apr 07 22:07:38 2017 exit!
admin at Fri Apr 07 22:12:36 2017 login sucess!
admin at Fri Apr 07 22:12:53 2017 exit!
