f:\github\respository\itcast\praticecpp\employeemanage\debug\vc120.pdb
f:\github\respository\itcast\praticecpp\employeemanage\debug\vc120.idb
f:\github\respository\itcast\praticecpp\employeemanage\debug\employee.obj
f:\github\respository\itcast\praticecpp\employeemanage\debug\linklist.obj
f:\github\respository\itcast\praticecpp\employeemanage\debug\linkstack.obj
f:\github\respository\itcast\praticecpp\employeemanage\debug\login.obj
f:\github\respository\itcast\praticecpp\employeemanage\debug\loginlog.obj
f:\github\respository\itcast\praticecpp\employeemanage\debug\main.obj
f:\github\respository\itcast\praticecpp\employeemanage\debug\mytools.obj
f:\github\respository\itcast\praticecpp\employeemanage\debug\cjson.obj
f:\github\respository\itcast\praticecpp\employeemanage\debug\memwatch.obj
f:\github\respository\itcast\praticecpp\debug\employeemanage.ilk
f:\github\respository\itcast\praticecpp\debug\employeemanage.exe
f:\github\respository\itcast\praticecpp\debug\employeemanage.pdb
f:\github\respository\itcast\praticecpp\employeemanage\debug\employeemanage.tlog\cl.command.1.tlog
f:\github\respository\itcast\praticecpp\employeemanage\debug\employeemanage.tlog\cl.read.1.tlog
f:\github\respository\itcast\praticecpp\employeemanage\debug\employeemanage.tlog\cl.write.1.tlog
f:\github\respository\itcast\praticecpp\employeemanage\debug\employeemanage.tlog\link.command.1.tlog
f:\github\respository\itcast\praticecpp\employeemanage\debug\employeemanage.tlog\link.read.1.tlog
f:\github\respository\itcast\praticecpp\employeemanage\debug\employeemanage.tlog\link.write.1.tlog
