
============= MEMWATCH 2.71 Copyright (C) 1992-1999 Johan Lindh =============

Started at Fri Mar 31 13:51:29 2017

Modes: 64-bit mwDWORD==(unsigned long)
mwROUNDALLOC==8 sizeof(mwData)==32 mwDataSize==32
Compiled using Microsoft C 18.00

internal: mwTerm(): MEMWATCH has not been started!

Stopped at Fri Mar 31 13:51:29 2017


Memory usage statistics (global):
 N)umber of allocations made: 0
 L)argest memory usage      : 0
 T)otal of all alloc() calls: 0
 U)nfreed bytes totals      : 0

============= MEMWATCH 2.71 Copyright (C) 1992-1999 Johan Lindh =============

Started at Fri Mar 31 13:54:22 2017

Modes: 64-bit mwDWORD==(unsigned long)
mwROUNDALLOC==8 sizeof(mwData)==32 mwDataSize==32
Compiled using Microsoft C 18.00

internal: mwTerm(): MEMWATCH has not been started!

Stopped at Fri Mar 31 13:54:22 2017


Memory usage statistics (global):
 N)umber of allocations made: 0
 L)argest memory usage      : 0
 T)otal of all alloc() calls: 0
 U)nfreed bytes totals      : 0
